2026-05-23 09:36:29 | INFO | =======================================
2026-05-23 09:36:29 | INFO | \U0001f680 Secure Auto-Sync Engine Started...
2026-05-23 09:36:29 | INFO | =======================================
2026-05-23 09:36:29 | INFO | Starting API Sync Cycle...
2026-05-23 09:36:33 | ERROR | Node.js Connection Error: HTTPConnectionPool(host='localhost', port=3000): Max retries exceeded with url: /api/sync-data (Caused by NewConnectionError("HTTPConnection(host='localhost', port=3000): Failed to establish a new connection: [WinError 10061] No connection could be made because the target machine actively refused it"))
2026-05-23 09:37:03 | INFO | Starting API Sync Cycle...
2026-05-23 09:37:07 | ERROR | Node.js Connection Error: HTTPConnectionPool(host='localhost', port=3000): Max retries exceeded with url: /api/sync-data (Caused by NewConnectionError("HTTPConnection(host='localhost', port=3000): Failed to establish a new connection: [WinError 10061] No connection could be made because the target machine actively refused it"))
2026-05-23 09:37:37 | INFO | Starting API Sync Cycle...
2026-05-23 09:37:41 | ERROR | Node.js Connection Error: HTTPConnectionPool(host='localhost', port=3000): Max retries exceeded with url: /api/sync-data (Caused by NewConnectionError("HTTPConnection(host='localhost', port=3000): Failed to establish a new connection: [WinError 10061] No connection could be made because the target machine actively refused it"))
2026-05-23 09:38:11 | INFO | Starting API Sync Cycle...
2026-05-23 09:38:15 | ERROR | Node.js Connection Error: HTTPConnectionPool(host='localhost', port=3000): Max retries exceeded with url: /api/sync-data (Caused by NewConnectionError("HTTPConnection(host='localhost', port=3000): Failed to establish a new connection: [WinError 10061] No connection could be made because the target machine actively refused it"))
2026-05-23 09:38:45 | INFO | Starting API Sync Cycle...
2026-05-23 09:38:49 | ERROR | Node.js Connection Error: HTTPConnectionPool(host='localhost', port=3000): Max retries exceeded with url: /api/sync-data (Caused by NewConnectionError("HTTPConnection(host='localhost', port=3000): Failed to establish a new connection: [WinError 10061] No connection could be made because the target machine actively refused it"))
2026-05-23 09:39:19 | INFO | Starting API Sync Cycle...
2026-05-23 09:39:23 | ERROR | Node.js Connection Error: HTTPConnectionPool(host='localhost', port=3000): Max retries exceeded with url: /api/sync-data (Caused by NewConnectionError("HTTPConnection(host='localhost', port=3000): Failed to establish a new connection: [WinError 10061] No connection could be made because the target machine actively refused it"))
2026-05-23 09:39:53 | INFO | Starting API Sync Cycle...
2026-05-23 09:39:57 | ERROR | Node.js Connection Error: HTTPConnectionPool(host='localhost', port=3000): Max retries exceeded with url: /api/sync-data (Caused by NewConnectionError("HTTPConnection(host='localhost', port=3000): Failed to establish a new connection: [WinError 10061] No connection could be made because the target machine actively refused it"))
2026-05-23 09:40:28 | INFO | Starting API Sync Cycle...
2026-05-23 09:40:32 | ERROR | Node.js Connection Error: HTTPConnectionPool(host='localhost', port=3000): Max retries exceeded with url: /api/sync-data (Caused by NewConnectionError("HTTPConnection(host='localhost', port=3000): Failed to establish a new connection: [WinError 10061] No connection could be made because the target machine actively refused it"))
2026-05-23 09:41:02 | INFO | Starting API Sync Cycle...
2026-05-23 09:41:06 | ERROR | Node.js Connection Error: HTTPConnectionPool(host='localhost', port=3000): Max retries exceeded with url: /api/sync-data (Caused by NewConnectionError("HTTPConnection(host='localhost', port=3000): Failed to establish a new connection: [WinError 10061] No connection could be made because the target machine actively refused it"))
2026-05-23 09:41:36 | INFO | Starting API Sync Cycle...
2026-05-23 09:41:40 | ERROR | Node.js Connection Error: HTTPConnectionPool(host='localhost', port=3000): Max retries exceeded with url: /api/sync-data (Caused by NewConnectionError("HTTPConnection(host='localhost', port=3000): Failed to establish a new connection: [WinError 10061] No connection could be made because the target machine actively refused it"))
2026-05-23 09:42:10 | INFO | Starting API Sync Cycle...
2026-05-23 09:42:14 | ERROR | Node.js Connection Error: HTTPConnectionPool(host='localhost', port=3000): Max retries exceeded with url: /api/sync-data (Caused by NewConnectionError("HTTPConnection(host='localhost', port=3000): Failed to establish a new connection: [WinError 10061] No connection could be made because the target machine actively refused it"))
2026-05-23 09:42:44 | INFO | Starting API Sync Cycle...
2026-05-23 09:42:48 | ERROR | Node.js Connection Error: HTTPConnectionPool(host='localhost', port=3000): Max retries exceeded with url: /api/sync-data (Caused by NewConnectionError("HTTPConnection(host='localhost', port=3000): Failed to establish a new connection: [WinError 10061] No connection could be made because the target machine actively refused it"))
2026-05-23 09:43:18 | INFO | Starting API Sync Cycle...
2026-05-23 09:43:22 | ERROR | Node.js Connection Error: HTTPConnectionPool(host='localhost', port=3000): Max retries exceeded with url: /api/sync-data (Caused by NewConnectionError("HTTPConnection(host='localhost', port=3000): Failed to establish a new connection: [WinError 10061] No connection could be made because the target machine actively refused it"))
2026-05-23 09:43:52 | INFO | Starting API Sync Cycle...
2026-05-23 09:43:56 | ERROR | Node.js Connection Error: HTTPConnectionPool(host='localhost', port=3000): Max retries exceeded with url: /api/sync-data (Caused by NewConnectionError("HTTPConnection(host='localhost', port=3000): Failed to establish a new connection: [WinError 10061] No connection could be made because the target machine actively refused it"))
2026-05-30 21:50:00 | INFO | =======================================
2026-05-30 21:50:00 | INFO | 🚀 Secure Auto-Sync Engine Started...
2026-05-30 21:50:00 | INFO | =======================================
2026-05-30 21:50:00 | INFO | Starting API Sync Cycle...
2026-05-30 21:50:00 | WARNING | Server Configs (Outline/X-UI API URLs) are missing in the Database!
2026-05-30 21:50:30 | INFO | Starting API Sync Cycle...
2026-05-30 21:50:30 | WARNING | Server Configs (Outline/X-UI API URLs) are missing in the Database!
2026-05-30 21:51:00 | INFO | Starting API Sync Cycle...
2026-05-30 21:51:00 | WARNING | Server Configs (Outline/X-UI API URLs) are missing in the Database!
2026-05-30 21:51:30 | INFO | Starting API Sync Cycle...
2026-05-30 21:51:30 | WARNING | Server Configs (Outline/X-UI API URLs) are missing in the Database!
2026-05-30 21:52:00 | INFO | Starting API Sync Cycle...
2026-05-30 21:52:00 | WARNING | Server Configs (Outline/X-UI API URLs) are missing in the Database!
2026-05-30 21:52:30 | INFO | Starting API Sync Cycle...
2026-05-30 21:52:30 | WARNING | Server Configs (Outline/X-UI API URLs) are missing in the Database!
2026-05-30 21:53:00 | INFO | Starting API Sync Cycle...
2026-05-30 21:53:00 | WARNING | Server Configs (Outline/X-UI API URLs) are missing in the Database!
2026-05-30 21:53:30 | INFO | Starting API Sync Cycle...
2026-05-30 21:53:30 | WARNING | Server Configs (Outline/X-UI API URLs) are missing in the Database!
2026-05-30 21:54:00 | INFO | Starting API Sync Cycle...
2026-05-30 21:54:00 | WARNING | Server Configs (Outline/X-UI API URLs) are missing in the Database!
2026-05-30 21:54:30 | INFO | Starting API Sync Cycle...
2026-05-30 21:54:30 | WARNING | Server Configs (Outline/X-UI API URLs) are missing in the Database!
2026-05-30 21:55:00 | INFO | Starting API Sync Cycle...
2026-05-30 21:55:00 | WARNING | Server Configs (Outline/X-UI API URLs) are missing in the Database!
2026-05-30 21:55:30 | INFO | Starting API Sync Cycle...
2026-05-30 21:55:30 | WARNING | Server Configs (Outline/X-UI API URLs) are missing in the Database!
2026-05-30 21:56:00 | INFO | Starting API Sync Cycle...
2026-05-30 21:56:00 | WARNING | Server Configs (Outline/X-UI API URLs) are missing in the Database!
2026-05-30 21:56:30 | INFO | Starting API Sync Cycle...
2026-05-30 21:56:30 | WARNING | Server Configs (Outline/X-UI API URLs) are missing in the Database!
2026-05-30 21:57:00 | INFO | Starting API Sync Cycle...
2026-05-30 21:57:00 | WARNING | Server Configs (Outline/X-UI API URLs) are missing in the Database!
2026-05-30 21:57:30 | INFO | Starting API Sync Cycle...
2026-05-30 21:57:30 | WARNING | Server Configs (Outline/X-UI API URLs) are missing in the Database!
2026-05-30 21:58:00 | INFO | Starting API Sync Cycle...
2026-05-30 21:58:00 | WARNING | Server Configs (Outline/X-UI API URLs) are missing in the Database!
2026-05-30 21:58:30 | INFO | Starting API Sync Cycle...
2026-05-30 21:58:30 | WARNING | Server Configs (Outline/X-UI API URLs) are missing in the Database!
2026-05-30 21:59:00 | INFO | Starting API Sync Cycle...
2026-05-30 21:59:00 | WARNING | Server Configs (Outline/X-UI API URLs) are missing in the Database!
2026-05-30 21:59:30 | INFO | Starting API Sync Cycle...
2026-05-30 21:59:30 | WARNING | Server Configs (Outline/X-UI API URLs) are missing in the Database!
2026-05-30 22:00:00 | INFO | Starting API Sync Cycle...
2026-05-30 22:00:00 | WARNING | Server Configs (Outline/X-UI API URLs) are missing in the Database!
2026-05-30 22:00:30 | INFO | Starting API Sync Cycle...
2026-05-30 22:00:30 | WARNING | Server Configs (Outline/X-UI API URLs) are missing in the Database!
2026-05-30 22:01:00 | INFO | Starting API Sync Cycle...
2026-05-30 22:01:00 | WARNING | Server Configs (Outline/X-UI API URLs) are missing in the Database!
2026-05-30 22:01:30 | INFO | Starting API Sync Cycle...
2026-05-30 22:01:30 | WARNING | Server Configs (Outline/X-UI API URLs) are missing in the Database!
2026-05-30 22:02:00 | INFO | Starting API Sync Cycle...
2026-05-30 22:02:00 | WARNING | Server Configs (Outline/X-UI API URLs) are missing in the Database!
2026-05-30 22:02:30 | INFO | Starting API Sync Cycle...
2026-05-30 22:02:30 | WARNING | Server Configs (Outline/X-UI API URLs) are missing in the Database!
2026-05-30 22:03:00 | INFO | Starting API Sync Cycle...
2026-05-30 22:03:00 | WARNING | Server Configs (Outline/X-UI API URLs) are missing in the Database!
2026-05-30 22:03:30 | INFO | Starting API Sync Cycle...
2026-05-30 22:03:30 | WARNING | Server Configs (Outline/X-UI API URLs) are missing in the Database!
2026-05-30 22:04:00 | INFO | Starting API Sync Cycle...
2026-05-30 22:04:00 | WARNING | Server Configs (Outline/X-UI API URLs) are missing in the Database!
2026-05-30 22:04:30 | INFO | Starting API Sync Cycle...
2026-05-30 22:04:30 | WARNING | Server Configs (Outline/X-UI API URLs) are missing in the Database!
2026-05-30 22:05:00 | INFO | Starting API Sync Cycle...
2026-05-30 22:05:00 | WARNING | Server Configs (Outline/X-UI API URLs) are missing in the Database!
2026-05-30 22:05:30 | INFO | Starting API Sync Cycle...
2026-05-30 22:05:30 | WARNING | Server Configs (Outline/X-UI API URLs) are missing in the Database!
2026-05-30 22:06:00 | INFO | Starting API Sync Cycle...
2026-05-30 22:06:00 | WARNING | Server Configs (Outline/X-UI API URLs) are missing in the Database!
2026-05-30 22:06:30 | INFO | Starting API Sync Cycle...
2026-05-30 22:06:30 | WARNING | Server Configs (Outline/X-UI API URLs) are missing in the Database!
2026-05-30 22:07:00 | INFO | Starting API Sync Cycle...
2026-05-30 22:07:00 | WARNING | Server Configs (Outline/X-UI API URLs) are missing in the Database!
2026-05-30 22:07:30 | INFO | Starting API Sync Cycle...
2026-05-30 22:07:30 | WARNING | Server Configs (Outline/X-UI API URLs) are missing in the Database!
2026-05-30 22:08:00 | INFO | Starting API Sync Cycle...
2026-05-30 22:08:00 | WARNING | Server Configs (Outline/X-UI API URLs) are missing in the Database!
2026-05-30 22:08:30 | INFO | Starting API Sync Cycle...
2026-05-30 22:08:30 | WARNING | Server Configs (Outline/X-UI API URLs) are missing in the Database!
2026-05-30 22:09:00 | INFO | Starting API Sync Cycle...
2026-05-30 22:09:00 | WARNING | Server Configs (Outline/X-UI API URLs) are missing in the Database!
2026-05-30 22:09:30 | INFO | Starting API Sync Cycle...
2026-05-30 22:09:30 | WARNING | Server Configs (Outline/X-UI API URLs) are missing in the Database!
2026-05-30 22:10:00 | INFO | Starting API Sync Cycle...
2026-05-30 22:10:00 | WARNING | Server Configs (Outline/X-UI API URLs) are missing in the Database!
2026-05-30 22:10:30 | INFO | Starting API Sync Cycle...
2026-05-30 22:10:30 | WARNING | Server Configs (Outline/X-UI API URLs) are missing in the Database!
2026-05-30 22:11:00 | INFO | Starting API Sync Cycle...
2026-05-30 22:11:00 | WARNING | Server Configs (Outline/X-UI API URLs) are missing in the Database!
2026-05-30 22:11:30 | INFO | Starting API Sync Cycle...
2026-05-30 22:11:30 | WARNING | Server Configs (Outline/X-UI API URLs) are missing in the Database!
2026-05-30 22:12:00 | INFO | Starting API Sync Cycle...
2026-05-30 22:12:00 | WARNING | Server Configs (Outline/X-UI API URLs) are missing in the Database!
2026-05-30 22:12:30 | INFO | Starting API Sync Cycle...
2026-05-30 22:12:30 | WARNING | Server Configs (Outline/X-UI API URLs) are missing in the Database!
2026-05-30 22:13:00 | INFO | Starting API Sync Cycle...
2026-05-30 22:13:00 | WARNING | Server Configs (Outline/X-UI API URLs) are missing in the Database!
2026-05-30 22:13:30 | INFO | Starting API Sync Cycle...
2026-05-30 22:13:30 | WARNING | Server Configs (Outline/X-UI API URLs) are missing in the Database!
2026-05-30 22:14:00 | INFO | Starting API Sync Cycle...
2026-05-30 22:14:00 | WARNING | Server Configs (Outline/X-UI API URLs) are missing in the Database!
2026-05-30 22:14:30 | INFO | Starting API Sync Cycle...
2026-05-30 22:14:30 | WARNING | Server Configs (Outline/X-UI API URLs) are missing in the Database!
2026-05-30 22:15:00 | INFO | Starting API Sync Cycle...
2026-05-30 22:15:00 | WARNING | Server Configs (Outline/X-UI API URLs) are missing in the Database!
2026-05-30 22:15:30 | INFO | Starting API Sync Cycle...
2026-05-30 22:15:30 | WARNING | Server Configs (Outline/X-UI API URLs) are missing in the Database!
2026-05-30 22:16:00 | INFO | Starting API Sync Cycle...
2026-05-30 22:16:00 | WARNING | Server Configs (Outline/X-UI API URLs) are missing in the Database!
2026-05-30 22:16:30 | INFO | Starting API Sync Cycle...
2026-05-30 22:16:30 | WARNING | Server Configs (Outline/X-UI API URLs) are missing in the Database!
2026-05-30 22:17:00 | INFO | Starting API Sync Cycle...
2026-05-30 22:17:00 | WARNING | Server Configs (Outline/X-UI API URLs) are missing in the Database!
2026-05-30 22:17:30 | INFO | Starting API Sync Cycle...
2026-05-30 22:17:30 | WARNING | Server Configs (Outline/X-UI API URLs) are missing in the Database!
2026-05-30 22:18:00 | INFO | Starting API Sync Cycle...
2026-05-30 22:18:00 | WARNING | Server Configs (Outline/X-UI API URLs) are missing in the Database!
2026-05-30 22:18:30 | INFO | Starting API Sync Cycle...
2026-05-30 22:18:30 | WARNING | Server Configs (Outline/X-UI API URLs) are missing in the Database!
2026-05-30 22:19:00 | INFO | Starting API Sync Cycle...
2026-05-30 22:19:00 | WARNING | Server Configs (Outline/X-UI API URLs) are missing in the Database!
2026-05-30 22:19:30 | INFO | Starting API Sync Cycle...
2026-05-30 22:19:30 | WARNING | Server Configs (Outline/X-UI API URLs) are missing in the Database!
2026-05-30 22:20:00 | INFO | Starting API Sync Cycle...
2026-05-30 22:20:00 | WARNING | Server Configs (Outline/X-UI API URLs) are missing in the Database!
2026-05-30 22:20:30 | INFO | Starting API Sync Cycle...
2026-05-30 22:20:30 | WARNING | Server Configs (Outline/X-UI API URLs) are missing in the Database!
2026-05-30 22:21:00 | INFO | Starting API Sync Cycle...
2026-05-30 22:21:00 | WARNING | Server Configs (Outline/X-UI API URLs) are missing in the Database!
2026-05-30 22:21:30 | INFO | Starting API Sync Cycle...
2026-05-30 22:21:30 | WARNING | Server Configs (Outline/X-UI API URLs) are missing in the Database!
2026-05-30 22:22:00 | INFO | Starting API Sync Cycle...
2026-05-30 22:22:00 | WARNING | Server Configs (Outline/X-UI API URLs) are missing in the Database!
2026-05-30 22:22:30 | INFO | Starting API Sync Cycle...
2026-05-30 22:22:30 | WARNING | Server Configs (Outline/X-UI API URLs) are missing in the Database!
2026-05-30 22:23:00 | INFO | Starting API Sync Cycle...
2026-05-30 22:23:00 | WARNING | Server Configs (Outline/X-UI API URLs) are missing in the Database!
2026-05-30 22:23:30 | INFO | Starting API Sync Cycle...
2026-05-30 22:23:30 | WARNING | Server Configs (Outline/X-UI API URLs) are missing in the Database!
2026-05-30 22:24:00 | INFO | Starting API Sync Cycle...
2026-05-30 22:24:00 | WARNING | Server Configs (Outline/X-UI API URLs) are missing in the Database!
2026-05-30 22:24:30 | INFO | Starting API Sync Cycle...
2026-05-30 22:24:30 | WARNING | Server Configs (Outline/X-UI API URLs) are missing in the Database!
2026-05-30 22:25:00 | INFO | Starting API Sync Cycle...
2026-05-30 22:25:00 | WARNING | Server Configs (Outline/X-UI API URLs) are missing in the Database!
2026-05-30 22:25:30 | INFO | Starting API Sync Cycle...
2026-05-30 22:25:30 | WARNING | Server Configs (Outline/X-UI API URLs) are missing in the Database!
2026-05-30 22:26:00 | INFO | Starting API Sync Cycle...
2026-05-30 22:26:00 | WARNING | Server Configs (Outline/X-UI API URLs) are missing in the Database!
2026-05-30 22:26:30 | INFO | Starting API Sync Cycle...
2026-05-30 22:26:30 | WARNING | Server Configs (Outline/X-UI API URLs) are missing in the Database!
2026-05-30 22:27:00 | INFO | Starting API Sync Cycle...
2026-05-30 22:27:00 | WARNING | Server Configs (Outline/X-UI API URLs) are missing in the Database!
2026-05-30 22:27:30 | INFO | Starting API Sync Cycle...
2026-05-30 22:27:30 | WARNING | Server Configs (Outline/X-UI API URLs) are missing in the Database!
2026-05-30 22:28:00 | INFO | Starting API Sync Cycle...
2026-05-30 22:28:00 | WARNING | Server Configs (Outline/X-UI API URLs) are missing in the Database!
2026-05-30 22:28:30 | INFO | Starting API Sync Cycle...
2026-05-30 22:28:30 | WARNING | Server Configs (Outline/X-UI API URLs) are missing in the Database!
2026-05-30 22:29:00 | INFO | Starting API Sync Cycle...
2026-05-30 22:29:00 | WARNING | Server Configs (Outline/X-UI API URLs) are missing in the Database!
2026-05-30 22:29:30 | INFO | Starting API Sync Cycle...
2026-05-30 22:29:30 | WARNING | Server Configs (Outline/X-UI API URLs) are missing in the Database!
2026-05-30 22:30:00 | INFO | Starting API Sync Cycle...
2026-05-30 22:30:00 | WARNING | Server Configs (Outline/X-UI API URLs) are missing in the Database!
2026-05-30 22:30:30 | INFO | Starting API Sync Cycle...
2026-05-30 22:30:30 | WARNING | Server Configs (Outline/X-UI API URLs) are missing in the Database!
2026-05-30 22:31:00 | INFO | Starting API Sync Cycle...
2026-05-30 22:31:00 | WARNING | Server Configs (Outline/X-UI API URLs) are missing in the Database!
2026-05-30 22:31:30 | INFO | Starting API Sync Cycle...
2026-05-30 22:31:30 | WARNING | Server Configs (Outline/X-UI API URLs) are missing in the Database!
2026-05-30 22:32:00 | INFO | Starting API Sync Cycle...
2026-05-30 22:32:00 | WARNING | Server Configs (Outline/X-UI API URLs) are missing in the Database!
2026-05-30 22:32:30 | INFO | Starting API Sync Cycle...
2026-05-30 22:32:30 | WARNING | Server Configs (Outline/X-UI API URLs) are missing in the Database!
2026-05-30 22:33:00 | INFO | Starting API Sync Cycle...
2026-05-30 22:33:00 | WARNING | Server Configs (Outline/X-UI API URLs) are missing in the Database!
2026-05-30 22:33:30 | INFO | Starting API Sync Cycle...
2026-05-30 22:33:30 | WARNING | Server Configs (Outline/X-UI API URLs) are missing in the Database!
2026-05-30 22:34:00 | INFO | Starting API Sync Cycle...
2026-05-30 22:34:00 | WARNING | Server Configs (Outline/X-UI API URLs) are missing in the Database!
2026-05-30 22:34:30 | INFO | Starting API Sync Cycle...
2026-05-30 22:34:30 | WARNING | Server Configs (Outline/X-UI API URLs) are missing in the Database!
2026-05-30 22:35:00 | INFO | Starting API Sync Cycle...
2026-05-30 22:35:00 | WARNING | Server Configs (Outline/X-UI API URLs) are missing in the Database!
2026-05-30 22:35:30 | INFO | Starting API Sync Cycle...
2026-05-30 22:35:31 | WARNING | Server Configs (Outline/X-UI API URLs) are missing in the Database!
2026-05-30 22:36:01 | INFO | Starting API Sync Cycle...
2026-05-30 22:36:01 | WARNING | Server Configs (Outline/X-UI API URLs) are missing in the Database!
2026-05-30 22:36:31 | INFO | Starting API Sync Cycle...
2026-05-30 22:36:31 | WARNING | Server Configs (Outline/X-UI API URLs) are missing in the Database!
2026-05-30 22:37:01 | INFO | Starting API Sync Cycle...
2026-05-30 22:37:01 | WARNING | Server Configs (Outline/X-UI API URLs) are missing in the Database!
2026-05-30 22:37:31 | INFO | Starting API Sync Cycle...
2026-05-30 22:37:31 | WARNING | Server Configs (Outline/X-UI API URLs) are missing in the Database!
2026-05-30 22:38:01 | INFO | Starting API Sync Cycle...
2026-05-30 22:38:01 | WARNING | Server Configs (Outline/X-UI API URLs) are missing in the Database!
2026-05-30 22:38:31 | INFO | Starting API Sync Cycle...
2026-05-30 22:38:31 | WARNING | Server Configs (Outline/X-UI API URLs) are missing in the Database!
2026-05-30 22:39:01 | INFO | Starting API Sync Cycle...
2026-05-30 22:39:01 | WARNING | Server Configs (Outline/X-UI API URLs) are missing in the Database!
2026-05-30 22:39:31 | INFO | Starting API Sync Cycle...
2026-05-30 22:39:31 | WARNING | Server Configs (Outline/X-UI API URLs) are missing in the Database!
2026-05-30 22:40:01 | INFO | Starting API Sync Cycle...
2026-05-30 22:40:01 | WARNING | Server Configs (Outline/X-UI API URLs) are missing in the Database!
2026-05-30 22:40:31 | INFO | Starting API Sync Cycle...
2026-05-30 22:40:31 | WARNING | Server Configs (Outline/X-UI API URLs) are missing in the Database!
2026-05-30 22:41:01 | INFO | Starting API Sync Cycle...
2026-05-30 22:41:01 | WARNING | Server Configs (Outline/X-UI API URLs) are missing in the Database!
2026-05-30 22:41:31 | INFO | Starting API Sync Cycle...
2026-05-30 22:41:31 | WARNING | Server Configs (Outline/X-UI API URLs) are missing in the Database!
2026-05-30 22:42:01 | INFO | Starting API Sync Cycle...
2026-05-30 22:42:01 | WARNING | Server Configs (Outline/X-UI API URLs) are missing in the Database!
2026-05-30 22:42:31 | INFO | Starting API Sync Cycle...
2026-05-30 22:42:31 | WARNING | Server Configs (Outline/X-UI API URLs) are missing in the Database!
2026-05-30 22:43:01 | INFO | Starting API Sync Cycle...
2026-05-30 22:43:01 | WARNING | Server Configs (Outline/X-UI API URLs) are missing in the Database!
2026-05-30 22:43:31 | INFO | Starting API Sync Cycle...
2026-05-30 22:43:31 | WARNING | Server Configs (Outline/X-UI API URLs) are missing in the Database!
2026-05-30 22:44:01 | INFO | Starting API Sync Cycle...
2026-05-30 22:44:01 | WARNING | Server Configs (Outline/X-UI API URLs) are missing in the Database!
2026-05-30 22:44:31 | INFO | Starting API Sync Cycle...
2026-05-30 22:44:31 | WARNING | Server Configs (Outline/X-UI API URLs) are missing in the Database!
2026-05-30 22:45:01 | INFO | Starting API Sync Cycle...
2026-05-30 22:45:01 | WARNING | Server Configs (Outline/X-UI API URLs) are missing in the Database!
2026-05-30 22:45:31 | INFO | Starting API Sync Cycle...
2026-05-30 22:45:31 | WARNING | Server Configs (Outline/X-UI API URLs) are missing in the Database!
2026-05-30 22:46:01 | INFO | Starting API Sync Cycle...
2026-05-30 22:46:01 | WARNING | Server Configs (Outline/X-UI API URLs) are missing in the Database!
2026-05-30 22:46:31 | INFO | Starting API Sync Cycle...
2026-05-30 22:46:31 | WARNING | Server Configs (Outline/X-UI API URLs) are missing in the Database!
2026-05-30 22:47:01 | INFO | Starting API Sync Cycle...
2026-05-30 22:47:01 | WARNING | Server Configs (Outline/X-UI API URLs) are missing in the Database!
2026-05-30 22:47:31 | INFO | Starting API Sync Cycle...
2026-05-30 22:47:31 | WARNING | Server Configs (Outline/X-UI API URLs) are missing in the Database!
2026-05-30 22:48:01 | INFO | Starting API Sync Cycle...
2026-05-30 22:48:01 | WARNING | Server Configs (Outline/X-UI API URLs) are missing in the Database!
2026-05-30 22:48:31 | INFO | Starting API Sync Cycle...
2026-05-30 22:48:31 | WARNING | Server Configs (Outline/X-UI API URLs) are missing in the Database!
2026-05-30 22:49:01 | INFO | Starting API Sync Cycle...
2026-05-30 22:49:01 | WARNING | Server Configs (Outline/X-UI API URLs) are missing in the Database!
2026-05-30 22:49:31 | INFO | Starting API Sync Cycle...
2026-05-30 22:49:31 | WARNING | Server Configs (Outline/X-UI API URLs) are missing in the Database!
2026-05-30 22:50:01 | INFO | Starting API Sync Cycle...
2026-05-30 22:50:01 | WARNING | Server Configs (Outline/X-UI API URLs) are missing in the Database!
2026-05-30 22:50:31 | INFO | Starting API Sync Cycle...
2026-05-30 22:50:31 | WARNING | Server Configs (Outline/X-UI API URLs) are missing in the Database!
2026-05-30 22:51:01 | INFO | Starting API Sync Cycle...
2026-05-30 22:51:01 | WARNING | Server Configs (Outline/X-UI API URLs) are missing in the Database!
2026-05-30 22:51:31 | INFO | Starting API Sync Cycle...
2026-05-30 22:51:31 | WARNING | Server Configs (Outline/X-UI API URLs) are missing in the Database!
2026-05-30 22:52:01 | INFO | Starting API Sync Cycle...
2026-05-30 22:52:01 | WARNING | Server Configs (Outline/X-UI API URLs) are missing in the Database!
2026-05-30 22:52:31 | INFO | Starting API Sync Cycle...
2026-05-30 22:52:31 | WARNING | Server Configs (Outline/X-UI API URLs) are missing in the Database!
2026-05-30 22:53:01 | INFO | Starting API Sync Cycle...
2026-05-30 22:53:01 | WARNING | Server Configs (Outline/X-UI API URLs) are missing in the Database!
2026-05-30 22:53:31 | INFO | Starting API Sync Cycle...
2026-05-30 22:53:31 | WARNING | Server Configs (Outline/X-UI API URLs) are missing in the Database!
2026-05-30 22:54:01 | INFO | Starting API Sync Cycle...
2026-05-30 22:54:01 | WARNING | Server Configs (Outline/X-UI API URLs) are missing in the Database!
2026-05-30 22:54:31 | INFO | Starting API Sync Cycle...
2026-05-30 22:54:31 | WARNING | Server Configs (Outline/X-UI API URLs) are missing in the Database!
2026-05-30 22:55:01 | INFO | Starting API Sync Cycle...
2026-05-30 22:55:01 | WARNING | Server Configs (Outline/X-UI API URLs) are missing in the Database!
2026-05-30 22:55:31 | INFO | Starting API Sync Cycle...
2026-05-30 22:55:31 | WARNING | Server Configs (Outline/X-UI API URLs) are missing in the Database!
2026-05-30 22:56:01 | INFO | Starting API Sync Cycle...
2026-05-30 22:56:01 | WARNING | Server Configs (Outline/X-UI API URLs) are missing in the Database!
2026-05-30 22:56:31 | INFO | Starting API Sync Cycle...
2026-05-30 22:56:31 | WARNING | Server Configs (Outline/X-UI API URLs) are missing in the Database!
2026-05-30 22:57:01 | INFO | Starting API Sync Cycle...
2026-05-30 22:57:01 | WARNING | Server Configs (Outline/X-UI API URLs) are missing in the Database!
2026-05-30 22:57:31 | INFO | Starting API Sync Cycle...
2026-05-30 22:57:31 | WARNING | Server Configs (Outline/X-UI API URLs) are missing in the Database!
2026-05-30 22:58:01 | INFO | Starting API Sync Cycle...
2026-05-30 22:58:01 | WARNING | Server Configs (Outline/X-UI API URLs) are missing in the Database!
2026-05-30 22:58:31 | INFO | Starting API Sync Cycle...
2026-05-30 22:58:31 | WARNING | Server Configs (Outline/X-UI API URLs) are missing in the Database!
2026-05-30 22:59:01 | INFO | Starting API Sync Cycle...
2026-05-30 22:59:01 | WARNING | Server Configs (Outline/X-UI API URLs) are missing in the Database!
2026-05-30 22:59:31 | INFO | Starting API Sync Cycle...
2026-05-30 22:59:31 | WARNING | Server Configs (Outline/X-UI API URLs) are missing in the Database!
2026-05-30 23:00:01 | INFO | Starting API Sync Cycle...
2026-05-30 23:00:01 | WARNING | Server Configs (Outline/X-UI API URLs) are missing in the Database!
2026-05-30 23:00:31 | INFO | Starting API Sync Cycle...
2026-05-30 23:00:31 | WARNING | Server Configs (Outline/X-UI API URLs) are missing in the Database!
2026-05-30 23:01:01 | INFO | Starting API Sync Cycle...
2026-05-30 23:01:01 | WARNING | Server Configs (Outline/X-UI API URLs) are missing in the Database!
2026-05-30 23:01:31 | INFO | Starting API Sync Cycle...
2026-05-30 23:01:31 | WARNING | Server Configs (Outline/X-UI API URLs) are missing in the Database!
2026-05-30 23:02:01 | INFO | Starting API Sync Cycle...
2026-05-30 23:02:01 | WARNING | Server Configs (Outline/X-UI API URLs) are missing in the Database!
2026-05-30 23:02:31 | INFO | Starting API Sync Cycle...
2026-05-30 23:02:31 | WARNING | Server Configs (Outline/X-UI API URLs) are missing in the Database!
2026-05-30 23:03:01 | INFO | Starting API Sync Cycle...
2026-05-30 23:03:01 | WARNING | Server Configs (Outline/X-UI API URLs) are missing in the Database!
2026-05-30 23:03:31 | INFO | Starting API Sync Cycle...
2026-05-30 23:03:31 | WARNING | Server Configs (Outline/X-UI API URLs) are missing in the Database!
2026-05-30 23:04:01 | INFO | Starting API Sync Cycle...
2026-05-30 23:04:01 | WARNING | Server Configs (Outline/X-UI API URLs) are missing in the Database!
2026-05-30 23:04:31 | INFO | Starting API Sync Cycle...
2026-05-30 23:04:31 | WARNING | Server Configs (Outline/X-UI API URLs) are missing in the Database!
2026-05-30 23:05:01 | INFO | Starting API Sync Cycle...
2026-05-30 23:05:01 | WARNING | Server Configs (Outline/X-UI API URLs) are missing in the Database!
2026-05-30 23:05:31 | INFO | Starting API Sync Cycle...
2026-05-30 23:05:31 | WARNING | Server Configs (Outline/X-UI API URLs) are missing in the Database!
2026-05-30 23:06:01 | INFO | Starting API Sync Cycle...
2026-05-30 23:06:01 | WARNING | Server Configs (Outline/X-UI API URLs) are missing in the Database!
2026-05-30 23:06:31 | INFO | Starting API Sync Cycle...
2026-05-30 23:06:31 | WARNING | Server Configs (Outline/X-UI API URLs) are missing in the Database!
2026-05-30 23:07:01 | INFO | Starting API Sync Cycle...
2026-05-30 23:07:01 | WARNING | Server Configs (Outline/X-UI API URLs) are missing in the Database!
2026-05-30 23:07:31 | INFO | Starting API Sync Cycle...
2026-05-30 23:07:31 | WARNING | Server Configs (Outline/X-UI API URLs) are missing in the Database!
2026-05-30 23:08:01 | INFO | Starting API Sync Cycle...
2026-05-30 23:08:01 | WARNING | Server Configs (Outline/X-UI API URLs) are missing in the Database!
2026-05-30 23:08:31 | INFO | Starting API Sync Cycle...
2026-05-30 23:08:31 | WARNING | Server Configs (Outline/X-UI API URLs) are missing in the Database!
2026-05-30 23:09:01 | INFO | Starting API Sync Cycle...
2026-05-30 23:09:01 | WARNING | Server Configs (Outline/X-UI API URLs) are missing in the Database!
2026-05-30 23:09:31 | INFO | Starting API Sync Cycle...
2026-05-30 23:09:31 | WARNING | Server Configs (Outline/X-UI API URLs) are missing in the Database!
2026-05-30 23:10:01 | INFO | Starting API Sync Cycle...
2026-05-30 23:10:01 | WARNING | Server Configs (Outline/X-UI API URLs) are missing in the Database!
2026-05-30 23:10:31 | INFO | Starting API Sync Cycle...
2026-05-30 23:10:31 | WARNING | Server Configs (Outline/X-UI API URLs) are missing in the Database!
2026-05-30 23:11:01 | INFO | Starting API Sync Cycle...
2026-05-30 23:11:01 | WARNING | Server Configs (Outline/X-UI API URLs) are missing in the Database!
2026-05-30 23:11:31 | INFO | Starting API Sync Cycle...
2026-05-30 23:11:31 | WARNING | Server Configs (Outline/X-UI API URLs) are missing in the Database!
2026-05-30 23:12:01 | INFO | Starting API Sync Cycle...
2026-05-30 23:12:01 | WARNING | Server Configs (Outline/X-UI API URLs) are missing in the Database!
2026-05-30 23:12:31 | INFO | Starting API Sync Cycle...
2026-05-30 23:12:31 | WARNING | Server Configs (Outline/X-UI API URLs) are missing in the Database!
2026-05-30 23:13:01 | INFO | Starting API Sync Cycle...
2026-05-30 23:13:01 | WARNING | Server Configs (Outline/X-UI API URLs) are missing in the Database!
2026-05-30 23:13:31 | INFO | Starting API Sync Cycle...
2026-05-30 23:13:31 | WARNING | Server Configs (Outline/X-UI API URLs) are missing in the Database!
2026-05-30 23:14:01 | INFO | Starting API Sync Cycle...
2026-05-30 23:14:01 | WARNING | Server Configs (Outline/X-UI API URLs) are missing in the Database!
2026-05-30 23:14:31 | INFO | Starting API Sync Cycle...
2026-05-30 23:14:31 | WARNING | Server Configs (Outline/X-UI API URLs) are missing in the Database!
2026-05-30 23:15:01 | INFO | Starting API Sync Cycle...
2026-05-30 23:15:01 | WARNING | Server Configs (Outline/X-UI API URLs) are missing in the Database!
2026-05-30 23:15:31 | INFO | Starting API Sync Cycle...
2026-05-30 23:15:31 | ERROR | Node.js Connection Error: HTTPConnectionPool(host='localhost', port=3000): Max retries exceeded with url: /api/sync-data (Caused by NewConnectionError("HTTPConnection(host='localhost', port=3000): Failed to establish a new connection: [Errno 61] Connection refused"))
2026-05-30 23:16:01 | INFO | Starting API Sync Cycle...
2026-05-30 23:16:01 | ERROR | Node.js Connection Error: HTTPConnectionPool(host='localhost', port=3000): Max retries exceeded with url: /api/sync-data (Caused by NewConnectionError("HTTPConnection(host='localhost', port=3000): Failed to establish a new connection: [Errno 61] Connection refused"))
2026-05-30 23:16:31 | INFO | Starting API Sync Cycle...
2026-05-30 23:16:31 | ERROR | Node.js Connection Error: HTTPConnectionPool(host='localhost', port=3000): Max retries exceeded with url: /api/sync-data (Caused by NewConnectionError("HTTPConnection(host='localhost', port=3000): Failed to establish a new connection: [Errno 61] Connection refused"))
2026-05-30 23:17:01 | INFO | Starting API Sync Cycle...
2026-05-30 23:17:01 | ERROR | Node.js Connection Error: HTTPConnectionPool(host='localhost', port=3000): Max retries exceeded with url: /api/sync-data (Caused by NewConnectionError("HTTPConnection(host='localhost', port=3000): Failed to establish a new connection: [Errno 61] Connection refused"))
2026-05-30 23:17:31 | INFO | Starting API Sync Cycle...
2026-05-30 23:17:31 | ERROR | Node.js Connection Error: HTTPConnectionPool(host='localhost', port=3000): Max retries exceeded with url: /api/sync-data (Caused by NewConnectionError("HTTPConnection(host='localhost', port=3000): Failed to establish a new connection: [Errno 61] Connection refused"))
2026-05-30 23:18:01 | INFO | Starting API Sync Cycle...
2026-05-30 23:18:01 | WARNING | Server Configs (Outline/X-UI API URLs) are missing in the Database!
2026-05-30 23:18:31 | INFO | Starting API Sync Cycle...
2026-05-30 23:18:31 | WARNING | Server Configs (Outline/X-UI API URLs) are missing in the Database!
2026-05-30 23:19:01 | INFO | Starting API Sync Cycle...
2026-05-30 23:19:01 | WARNING | Server Configs (Outline/X-UI API URLs) are missing in the Database!
2026-05-30 23:19:31 | INFO | Starting API Sync Cycle...
2026-05-30 23:19:31 | WARNING | Server Configs (Outline/X-UI API URLs) are missing in the Database!
2026-05-30 23:20:01 | INFO | Starting API Sync Cycle...
2026-05-30 23:20:01 | WARNING | Server Configs (Outline/X-UI API URLs) are missing in the Database!
2026-05-30 23:20:31 | INFO | Starting API Sync Cycle...
2026-05-30 23:20:31 | WARNING | Server Configs (Outline/X-UI API URLs) are missing in the Database!
2026-05-30 23:21:01 | INFO | Starting API Sync Cycle...
2026-05-30 23:21:01 | WARNING | Server Configs (Outline/X-UI API URLs) are missing in the Database!
2026-05-30 23:21:31 | INFO | Starting API Sync Cycle...
2026-05-30 23:21:31 | WARNING | Server Configs (Outline/X-UI API URLs) are missing in the Database!
2026-05-30 23:22:01 | INFO | Starting API Sync Cycle...
2026-05-30 23:22:01 | WARNING | Server Configs (Outline/X-UI API URLs) are missing in the Database!
2026-05-30 23:22:31 | INFO | Starting API Sync Cycle...
2026-05-30 23:22:31 | WARNING | Server Configs (Outline/X-UI API URLs) are missing in the Database!
2026-05-30 23:23:01 | INFO | Starting API Sync Cycle...
2026-05-30 23:23:01 | WARNING | Server Configs (Outline/X-UI API URLs) are missing in the Database!
2026-05-30 23:23:31 | INFO | Starting API Sync Cycle...
2026-05-30 23:23:31 | WARNING | Server Configs (Outline/X-UI API URLs) are missing in the Database!
2026-05-30 23:24:01 | INFO | Starting API Sync Cycle...
2026-05-30 23:24:01 | WARNING | Server Configs (Outline/X-UI API URLs) are missing in the Database!
2026-05-30 23:24:31 | INFO | Starting API Sync Cycle...
2026-05-30 23:24:31 | WARNING | Server Configs (Outline/X-UI API URLs) are missing in the Database!
2026-05-30 23:25:01 | INFO | Starting API Sync Cycle...
2026-05-30 23:25:01 | WARNING | Server Configs (Outline/X-UI API URLs) are missing in the Database!
2026-05-30 23:25:32 | INFO | Starting API Sync Cycle...
2026-05-30 23:25:32 | WARNING | Server Configs (Outline/X-UI API URLs) are missing in the Database!
2026-05-30 23:26:02 | INFO | Starting API Sync Cycle...
2026-05-30 23:26:02 | WARNING | Server Configs (Outline/X-UI API URLs) are missing in the Database!
2026-05-30 23:26:32 | INFO | Starting API Sync Cycle...
2026-05-30 23:26:32 | WARNING | Server Configs (Outline/X-UI API URLs) are missing in the Database!
2026-05-30 23:27:02 | INFO | Starting API Sync Cycle...
2026-05-30 23:27:02 | WARNING | Server Configs (Outline/X-UI API URLs) are missing in the Database!
2026-05-30 23:27:32 | INFO | Starting API Sync Cycle...
2026-05-30 23:27:32 | WARNING | Server Configs (Outline/X-UI API URLs) are missing in the Database!
2026-05-30 23:28:02 | INFO | Starting API Sync Cycle...
2026-05-30 23:28:02 | WARNING | Server Configs (Outline/X-UI API URLs) are missing in the Database!
2026-05-30 23:28:32 | INFO | Starting API Sync Cycle...
2026-05-30 23:28:32 | WARNING | Server Configs (Outline/X-UI API URLs) are missing in the Database!
2026-05-30 23:29:02 | INFO | Starting API Sync Cycle...
2026-05-30 23:29:02 | WARNING | Server Configs (Outline/X-UI API URLs) are missing in the Database!
2026-05-30 23:29:32 | INFO | Starting API Sync Cycle...
2026-05-30 23:29:32 | WARNING | Server Configs (Outline/X-UI API URLs) are missing in the Database!
2026-05-30 23:30:02 | INFO | Starting API Sync Cycle...
2026-05-30 23:30:02 | WARNING | Server Configs (Outline/X-UI API URLs) are missing in the Database!
2026-05-30 23:30:32 | INFO | Starting API Sync Cycle...
2026-05-30 23:30:32 | WARNING | Server Configs (Outline/X-UI API URLs) are missing in the Database!
2026-05-30 23:31:02 | INFO | Starting API Sync Cycle...
2026-05-30 23:31:02 | WARNING | Server Configs (Outline/X-UI API URLs) are missing in the Database!
2026-05-30 23:31:32 | INFO | Starting API Sync Cycle...
2026-05-30 23:31:32 | WARNING | Server Configs (Outline/X-UI API URLs) are missing in the Database!
2026-05-30 23:32:02 | INFO | Starting API Sync Cycle...
2026-05-30 23:32:02 | WARNING | Server Configs (Outline/X-UI API URLs) are missing in the Database!
2026-05-30 23:32:32 | INFO | Starting API Sync Cycle...
2026-05-30 23:32:32 | WARNING | Server Configs (Outline/X-UI API URLs) are missing in the Database!
2026-05-30 23:33:02 | INFO | Starting API Sync Cycle...
2026-05-30 23:33:02 | WARNING | Server Configs (Outline/X-UI API URLs) are missing in the Database!
2026-05-30 23:33:32 | INFO | Starting API Sync Cycle...
2026-05-30 23:33:32 | WARNING | Server Configs (Outline/X-UI API URLs) are missing in the Database!
2026-05-30 23:34:02 | INFO | Starting API Sync Cycle...
2026-05-30 23:34:02 | WARNING | Server Configs (Outline/X-UI API URLs) are missing in the Database!
2026-05-30 23:34:32 | INFO | Starting API Sync Cycle...
2026-05-30 23:34:32 | WARNING | Server Configs (Outline/X-UI API URLs) are missing in the Database!
2026-05-30 23:35:02 | INFO | Starting API Sync Cycle...
2026-05-30 23:35:02 | WARNING | Server Configs (Outline/X-UI API URLs) are missing in the Database!
2026-05-30 23:35:32 | INFO | Starting API Sync Cycle...
2026-05-30 23:35:32 | WARNING | Server Configs (Outline/X-UI API URLs) are missing in the Database!
2026-05-30 23:36:02 | INFO | Starting API Sync Cycle...
2026-05-30 23:36:02 | WARNING | Server Configs (Outline/X-UI API URLs) are missing in the Database!
2026-05-30 23:36:32 | INFO | Starting API Sync Cycle...
2026-05-30 23:36:32 | WARNING | Server Configs (Outline/X-UI API URLs) are missing in the Database!
2026-05-30 23:37:02 | INFO | Starting API Sync Cycle...
2026-05-30 23:37:02 | WARNING | Server Configs (Outline/X-UI API URLs) are missing in the Database!
2026-05-30 23:37:32 | INFO | Starting API Sync Cycle...
2026-05-30 23:37:32 | WARNING | Server Configs (Outline/X-UI API URLs) are missing in the Database!
2026-05-30 23:38:02 | INFO | Starting API Sync Cycle...
2026-05-30 23:38:02 | WARNING | Server Configs (Outline/X-UI API URLs) are missing in the Database!
